<?xml version="1.0" encoding="UTF-8"?>
<robot generator="Robot 3.2.2 (Python 3.9.5 on darwin)" generated="20210801 17:03:01.571" rpa="false">
<suite id="s1" name="HepsiburadaMobileTest" source="/Users/hbo/Desktop/hepsiburada-test/Hepsiburada/HepsiburadaMobileTest">
<suite id="s1-s1" name="Test" source="/Users/hbo/Desktop/hepsiburada-test/Hepsiburada/HepsiburadaMobileTest/test">
<suite id="s1-s1-s1" name="Tc3" source="/Users/hbo/Desktop/hepsiburada-test/Hepsiburada/HepsiburadaMobileTest/test/tc3.robot">
<test id="s1-s1-s1-t1" name="Search Google with &quot;Google Search&quot; button via Chrome">
<kw name="Open Url With Chrome">
<arguments>
<arg>${HepsiburadaUrl}</arg>
</arguments>
<kw name="Open Url">
<arguments>
<arg>Chrome</arg>
<arg>${url}</arg>
</arguments>
<kw name="Evaluate" library="BuiltIn">
<doc>Evaluates the given expression in Python and returns the result.</doc>
<arguments>
<arg>sys.modules['selenium.webdriver.chrome.options'].Options()</arg>
<arg>sys</arg>
</arguments>
<assign>
<var>${options}</var>
</assign>
<msg timestamp="20210801 17:03:01.701" level="INFO">${options} = &lt;selenium.webdriver.chrome.options.Options object at 0x10f6a7d00&gt;</msg>
<status status="PASS" starttime="20210801 17:03:01.700" endtime="20210801 17:03:01.701"></status>
</kw>
<kw name="Call Method" library="BuiltIn">
<doc>Calls the named method of the given object with the provided arguments.</doc>
<arguments>
<arg>${options}</arg>
<arg>add_argument</arg>
<arg>--disable-notifications</arg>
</arguments>
<status status="PASS" starttime="20210801 17:03:01.701" endtime="20210801 17:03:01.701"></status>
</kw>
<kw name="Create Webdriver" library="SeleniumLibrary">
<doc>Creates an instance of Selenium WebDriver.</doc>
<arguments>
<arg>${browser}</arg>
<arg>options=${options}</arg>
</arguments>
<msg timestamp="20210801 17:03:01.702" level="INFO">Creating an instance of the Chrome WebDriver.</msg>
<kw name="Capture Page Screenshot" library="SeleniumLibrary">
<doc>Takes a screenshot of the current page and embeds it into a log file.</doc>
<msg timestamp="20210801 17:03:01.707" level="INFO">Cannot capture screenshot because no browser is open.</msg>
<status status="PASS" starttime="20210801 17:03:01.706" endtime="20210801 17:03:01.707"></status>
</kw>
<msg timestamp="20210801 17:03:01.708" level="FAIL">WebDriverException: Message: 'chromedriver' executable needs to be in PATH. Please see https://sites.google.com/a/chromium.org/chromedriver/home
</msg>
<status status="FAIL" starttime="20210801 17:03:01.701" endtime="20210801 17:03:01.708"></status>
</kw>
<status status="FAIL" starttime="20210801 17:03:01.700" endtime="20210801 17:03:01.708"></status>
</kw>
<status status="FAIL" starttime="20210801 17:03:01.700" endtime="20210801 17:03:01.709"></status>
</kw>
<kw name="Close Browser" library="SeleniumLibrary" type="teardown">
<doc>Closes the current browser.</doc>
<status status="PASS" starttime="20210801 17:03:01.709" endtime="20210801 17:03:01.709"></status>
</kw>
<status status="FAIL" starttime="20210801 17:03:01.699" endtime="20210801 17:03:01.709" critical="yes">WebDriverException: Message: 'chromedriver' executable needs to be in PATH. Please see https://sites.google.com/a/chromium.org/chromedriver/home
</status>
</test>
<doc>Search Google</doc>
<status status="FAIL" starttime="20210801 17:03:01.609" endtime="20210801 17:03:01.710"></status>
</suite>
<status status="FAIL" starttime="20210801 17:03:01.608" endtime="20210801 17:03:01.711"></status>
</suite>
<status status="FAIL" starttime="20210801 17:03:01.595" endtime="20210801 17:03:01.711"></status>
</suite>
<statistics>
<total>
<stat pass="0" fail="1">Critical Tests</stat>
<stat pass="0" fail="1">All Tests</stat>
</total>
<tag>
</tag>
<suite>
<stat pass="0" fail="1" id="s1" name="HepsiburadaMobileTest">HepsiburadaMobileTest</stat>
<stat pass="0" fail="1" id="s1-s1" name="Test">HepsiburadaMobileTest.Test</stat>
<stat pass="0" fail="1" id="s1-s1-s1" name="Tc3">HepsiburadaMobileTest.Test.Tc3</stat>
</suite>
</statistics>
<errors>
</errors>
</robot>
